(0000) 3000  0011000000000000 (   1)                 .ORIG x3000
(3000) 5020  0101000000100000 (   4)                 AND   R0 R0 #0
(3001) 5260  0101001001100000 (   5)                 AND   R1 R1 #0
(3002) 54A0  0101010010100000 (   6)                 AND   R2 R2 #0
(3003) 56E0  0101011011100000 (   7)                 AND   R3 R3 #0
(3004) 5920  0101100100100000 (   8)                 AND   R4 R4 #0
(3005) 5B60  0101101101100000 (   9)                 AND   R5 R5 #0
(3006) 5DA0  0101110110100000 (  10)                 AND   R6 R6 #0
(3007) 5FE0  0101111111100000 (  11)                 AND   R7 R7 #0
(3008) 220A  0010001000001010 (  13)                 LD    R1 num1
(3009) 240A  0010010000001010 (  14)                 LD    R2 num2
(300A) 2A07  0010101000000111 (  15)                 LD    R5 ascii
(300B) 1242  0001001001000010 (  16)                 ADD   R1 R1 R2
(300C) 1245  0001001001000101 (  17)                 ADD   R1 R1 R5
(300D) E007  1110000000000111 (  18)                 LEA   R0 msg
(300E) F022  1111000000100010 (  19)                 TRAP  x22
(300F) 1060  0001000001100000 (  20)                 ADD   R0 R1 #0
(3010) F021  1111000000100001 (  21)                 TRAP  x21
(3011) F025  1111000000100101 (  22)                 TRAP  x25
(3012) 0030  0000000000110000 (  23) ascii           .FILL x0030
(3013) 0005  0000000000000101 (  24) num1            .FILL x0005
(3014) 0004  0000000000000100 (  25) num2            .FILL x0004
(3015) 0054  0000000001010100 (  26) msg             .FILL x0054
(3016) 0068  0000000001101000 (  26)                 .FILL x0068
(3017) 0065  0000000001100101 (  26)                 .FILL x0065
(3018) 0020  0000000000100000 (  26)                 .FILL x0020
(3019) 0053  0000000001010011 (  26)                 .FILL x0053
(301A) 0075  0000000001110101 (  26)                 .FILL x0075
(301B) 006D  0000000001101101 (  26)                 .FILL x006D
(301C) 0020  0000000000100000 (  26)                 .FILL x0020
(301D) 0069  0000000001101001 (  26)                 .FILL x0069
(301E) 0073  0000000001110011 (  26)                 .FILL x0073
(301F) 0020  0000000000100000 (  26)                 .FILL x0020
(3020) 0000  0000000000000000 (  26)                 .FILL x0000
