(0000) 3000  0011000000000000 (   1)                 .ORIG x3000
(3000) 5020  0101000000100000 (   4)                 AND   R0 R0 #0
(3001) 5260  0101001001100000 (   5)                 AND   R1 R1 #0
(3002) 54A0  0101010010100000 (   6)                 AND   R2 R2 #0
(3003) 56E0  0101011011100000 (   7)                 AND   R3 R3 #0
(3004) 5920  0101100100100000 (   8)                 AND   R4 R4 #0
(3005) 5B60  0101101101100000 (   9)                 AND   R5 R5 #0
(3006) 5DA0  0101110110100000 (  10)                 AND   R6 R6 #0
(3007) 5FE0  0101111111100000 (  11)                 AND   R7 R7 #0
(3008) 220C  0010001000001100 (  13)                 LD    R1 num1
(3009) 240C  0010010000001100 (  14)                 LD    R2 num2
(300A) 2A09  0010101000001001 (  15)                 LD    R5 ascii
(300B) 94BF  1001010010111111 (  16)                 NOT   R2 R2
(300C) 14A1  0001010010100001 (  17)                 ADD   R2 R2 #1
(300D) 1242  0001001001000010 (  18)                 ADD   R1 R1 R2
(300E) 1245  0001001001000101 (  19)                 ADD   R1 R1 R5
(300F) E007  1110000000000111 (  20)                 LEA   R0 msg
(3010) F022  1111000000100010 (  21)                 TRAP  x22
(3011) 1060  0001000001100000 (  22)                 ADD   R0 R1 #0
(3012) F021  1111000000100001 (  23)                 TRAP  x21
(3013) F025  1111000000100101 (  24)                 TRAP  x25
(3014) 0030  0000000000110000 (  25) ascii           .FILL x0030
(3015) 0009  0000000000001001 (  26) num1            .FILL x0009
(3016) 0002  0000000000000010 (  27) num2            .FILL x0002
(3017) 0054  0000000001010100 (  28) msg             .FILL x0054
(3018) 0068  0000000001101000 (  28)                 .FILL x0068
(3019) 0065  0000000001100101 (  28)                 .FILL x0065
(301A) 0020  0000000000100000 (  28)                 .FILL x0020
(301B) 0053  0000000001010011 (  28)                 .FILL x0053
(301C) 0075  0000000001110101 (  28)                 .FILL x0075
(301D) 006D  0000000001101101 (  28)                 .FILL x006D
(301E) 0020  0000000000100000 (  28)                 .FILL x0020
(301F) 0069  0000000001101001 (  28)                 .FILL x0069
(3020) 0073  0000000001110011 (  28)                 .FILL x0073
(3021) 0020  0000000000100000 (  28)                 .FILL x0020
(3022) 0000  0000000000000000 (  28)                 .FILL x0000
